  -75  841
  -78  691
   -7  134
  -80  306
  -58  290
  -11  642
   -9  432
  -22  672
  -98  561
  -90  808
  -64  383
  -47  859
  -96  624
  -41   46
  -78  223
  -50   18
  -15   31
  -71  601
  -94  334
  -86  865
  -42  893
  -12  334
       312
       298
       567
       670
       823
       889
       316
        42
       967
       992
       676
       623
       193
       996
       829
        10
       648
       156
       847
       594
       127
       388
       378
        60
       471
       772
        73
       217
       362
       755
       774
       740
        64
       386
       313
       603
       987
       579
        77
       696
       287
       981
       593
       746
       494
       114
       585
       632
       585
       695
       828
       740
       550
       860
       524
       925
       426
       864
       134
       469
       398
       525
       428
       494
       160
       657
       682
        10
       543
       560
       524
       936
       788
       826
       726
       349
       753
       754
       585
       834
        22
       589
       439
       737
       231
       494
       250
       481
       448
       984
       904
       702
       391
       341
       882
       291
       800
       629
       320
       353
       152
       582
       755
       228
       422
       891
       709
       943
       235
       813
       744
       648
       806
       472
       266
       757
       892
       676
       587
       935
       480
       828
        67
       580
        76
       686
       652
       829
       117
       140
       509
       180
       736
       765
        16
       148
       794
       977
       141
       329
       730
        48
       929
       507
       394
       819
       403
       993
       386
       205
       371
       538
       420
       866
        38
       608
