

*******************************************************************************
Tue Mar 24 12:24:23 2015


FIT:    data read from "is.out" using 1:2
        format = x:z
        x range restricted to [0.00000 : 400000.]
        #datapoints = 21
        residuals are weighted equally (unit weight)

function used for fitting: b(x)
fitted parameters initialized with current variable values



 Iteration 0
 WSSR        : 2.84756e+09       delta(WSSR)/WSSR   : 0
 delta(WSSR) : 0                 limit for stopping : 1e-05
 lambda	  : 8266.4

initial set of free parameter values

a               = 1
b               = 1

After 7 iterations the fit converged.
final sum of squares of residuals : 2557.33
rel. change during last iteration : -3.06861e-09

degrees of freedom    (FIT_NDF)                        : 19
rms of residuals      (FIT_STDFIT) = sqrt(WSSR/ndf)    : 11.6016
variance of residuals (reduced chisquare) = WSSR/ndf   : 134.596

Final set of parameters            Asymptotic Standard Error
=======================            ==========================

a               = 0.00320442       +/- 0.0004181    (13.05%)
b               = 10.7577          +/- 4.888        (45.43%)


correlation matrix of the fit parameters:

               a      b      
a               1.000 
b              -0.855  1.000 


*******************************************************************************
Tue Mar 24 12:24:23 2015


FIT:    data read from "is.out" using 1:3
        format = x:z
        x range restricted to [0.00000 : 400000.]
        #datapoints = 21
        residuals are weighted equally (unit weight)

function used for fitting: w(x)
fitted parameters initialized with current variable values



 Iteration 0
 WSSR        : 7.21993e+17       delta(WSSR)/WSSR   : 0
 delta(WSSR) : 0                 limit for stopping : 1e-05
 lambda	  : 1.07102e+08

initial set of free parameter values

c               = 1
d               = 1
e               = 1

After 11 iterations the fit converged.
final sum of squares of residuals : 1.39017e+06
rel. change during last iteration : -3.02457e-08

degrees of freedom    (FIT_NDF)                        : 18
rms of residuals      (FIT_STDFIT) = sqrt(WSSR/ndf)    : 277.906
variance of residuals (reduced chisquare) = WSSR/ndf   : 77231.6

Final set of parameters            Asymptotic Standard Error
=======================            ==========================

c               = 0.000539223      +/- 1.855e-06    (0.3441%)
d               = -0.213676        +/- 0.03844      (17.99%)
e               = 107.206          +/- 165.9        (154.7%)


correlation matrix of the fit parameters:

               c      d      e      
c               1.000 
d              -0.965  1.000 
e               0.708 -0.841  1.000 


*******************************************************************************
Tue Mar 24 12:24:23 2015


FIT:    data read from "is.out" using 1:4
        format = x:z
        x range restricted to [0.00000 : 400000.]
        #datapoints = 21
        residuals are weighted equally (unit weight)

function used for fitting: a(x)
fitted parameters initialized with current variable values



 Iteration 0
 WSSR        : 7.22372e+17       delta(WSSR)/WSSR   : 0
 delta(WSSR) : 0                 limit for stopping : 1e-05
 lambda	  : 1.07102e+08

initial set of free parameter values

f               = 1
g               = 1
h               = 1

After 11 iterations the fit converged.
final sum of squares of residuals : 586856
rel. change during last iteration : -7.22284e-08

degrees of freedom    (FIT_NDF)                        : 18
rms of residuals      (FIT_STDFIT) = sqrt(WSSR/ndf)    : 180.563
variance of residuals (reduced chisquare) = WSSR/ndf   : 32603.1

Final set of parameters            Asymptotic Standard Error
=======================            ==========================

f               = 0.000269331      +/- 1.206e-06    (0.4476%)
g               = -0.0868571       +/- 0.02497      (28.75%)
h               = 107.636          +/- 107.8        (100.1%)


correlation matrix of the fit parameters:

               f      g      h      
f               1.000 
g              -0.965  1.000 
h               0.708 -0.841  1.000 


*******************************************************************************
Tue Mar 24 12:25:04 2015


FIT:    data read from "is.out" using 1:2
        format = x:z
        x range restricted to [0.00000 : 20000.0]
        #datapoints = 21
        residuals are weighted equally (unit weight)

function used for fitting: b(x)
fitted parameters initialized with current variable values



 Iteration 0
 WSSR        : 2.84756e+09       delta(WSSR)/WSSR   : 0
 delta(WSSR) : 0                 limit for stopping : 1e-05
 lambda	  : 8266.4

initial set of free parameter values

a               = 1
b               = 1

After 7 iterations the fit converged.
final sum of squares of residuals : 2557.33
rel. change during last iteration : -3.06861e-09

degrees of freedom    (FIT_NDF)                        : 19
rms of residuals      (FIT_STDFIT) = sqrt(WSSR/ndf)    : 11.6016
variance of residuals (reduced chisquare) = WSSR/ndf   : 134.596

Final set of parameters            Asymptotic Standard Error
=======================            ==========================

a               = 0.00320442       +/- 0.0004181    (13.05%)
b               = 10.7577          +/- 4.888        (45.43%)


correlation matrix of the fit parameters:

               a      b      
a               1.000 
b              -0.855  1.000 


*******************************************************************************
Tue Mar 24 12:25:04 2015


FIT:    data read from "is.out" using 1:3
        format = x:z
        x range restricted to [0.00000 : 20000.0]
        #datapoints = 21
        residuals are weighted equally (unit weight)

function used for fitting: w(x)
fitted parameters initialized with current variable values



 Iteration 0
 WSSR        : 7.21993e+17       delta(WSSR)/WSSR   : 0
 delta(WSSR) : 0                 limit for stopping : 1e-05
 lambda	  : 1.07102e+08

initial set of free parameter values

c               = 1
d               = 1
e               = 1

After 11 iterations the fit converged.
final sum of squares of residuals : 1.39017e+06
rel. change during last iteration : -3.02457e-08

degrees of freedom    (FIT_NDF)                        : 18
rms of residuals      (FIT_STDFIT) = sqrt(WSSR/ndf)    : 277.906
variance of residuals (reduced chisquare) = WSSR/ndf   : 77231.6

Final set of parameters            Asymptotic Standard Error
=======================            ==========================

c               = 0.000539223      +/- 1.855e-06    (0.3441%)
d               = -0.213676        +/- 0.03844      (17.99%)
e               = 107.206          +/- 165.9        (154.7%)


correlation matrix of the fit parameters:

               c      d      e      
c               1.000 
d              -0.965  1.000 
e               0.708 -0.841  1.000 


*******************************************************************************
Tue Mar 24 12:25:04 2015


FIT:    data read from "is.out" using 1:4
        format = x:z
        x range restricted to [0.00000 : 20000.0]
        #datapoints = 21
        residuals are weighted equally (unit weight)

function used for fitting: a(x)
fitted parameters initialized with current variable values



 Iteration 0
 WSSR        : 7.22372e+17       delta(WSSR)/WSSR   : 0
 delta(WSSR) : 0                 limit for stopping : 1e-05
 lambda	  : 1.07102e+08

initial set of free parameter values

f               = 1
g               = 1
h               = 1

After 11 iterations the fit converged.
final sum of squares of residuals : 586856
rel. change during last iteration : -7.22284e-08

degrees of freedom    (FIT_NDF)                        : 18
rms of residuals      (FIT_STDFIT) = sqrt(WSSR/ndf)    : 180.563
variance of residuals (reduced chisquare) = WSSR/ndf   : 32603.1

Final set of parameters            Asymptotic Standard Error
=======================            ==========================

f               = 0.000269331      +/- 1.206e-06    (0.4476%)
g               = -0.0868571       +/- 0.02497      (28.75%)
h               = 107.636          +/- 107.8        (100.1%)


correlation matrix of the fit parameters:

               f      g      h      
f               1.000 
g              -0.965  1.000 
h               0.708 -0.841  1.000 


*******************************************************************************
Tue Mar 24 12:26:55 2015


FIT:    data read from "is.out" using 1:2
        format = x:z
        x range restricted to [0.00000 : 20000.0]
        #datapoints = 21
        residuals are weighted equally (unit weight)

function used for fitting: b(x)
fitted parameters initialized with current variable values



 Iteration 0
 WSSR        : 2.84756e+09       delta(WSSR)/WSSR   : 0
 delta(WSSR) : 0                 limit for stopping : 1e-05
 lambda	  : 8266.4

initial set of free parameter values

a               = 1
b               = 1

After 7 iterations the fit converged.
final sum of squares of residuals : 2557.33
rel. change during last iteration : -3.06861e-09

degrees of freedom    (FIT_NDF)                        : 19
rms of residuals      (FIT_STDFIT) = sqrt(WSSR/ndf)    : 11.6016
variance of residuals (reduced chisquare) = WSSR/ndf   : 134.596

Final set of parameters            Asymptotic Standard Error
=======================            ==========================

a               = 0.00320442       +/- 0.0004181    (13.05%)
b               = 10.7577          +/- 4.888        (45.43%)


correlation matrix of the fit parameters:

               a      b      
a               1.000 
b              -0.855  1.000 


*******************************************************************************
Tue Mar 24 12:26:55 2015


FIT:    data read from "is.out" using 1:3
        format = x:z
        x range restricted to [0.00000 : 20000.0]
        #datapoints = 21
        residuals are weighted equally (unit weight)

function used for fitting: w(x)
fitted parameters initialized with current variable values



 Iteration 0
 WSSR        : 7.21993e+17       delta(WSSR)/WSSR   : 0
 delta(WSSR) : 0                 limit for stopping : 1e-05
 lambda	  : 1.07102e+08

initial set of free parameter values

c               = 1
d               = 1
e               = 1

After 11 iterations the fit converged.
final sum of squares of residuals : 1.39017e+06
rel. change during last iteration : -3.02457e-08

degrees of freedom    (FIT_NDF)                        : 18
rms of residuals      (FIT_STDFIT) = sqrt(WSSR/ndf)    : 277.906
variance of residuals (reduced chisquare) = WSSR/ndf   : 77231.6

Final set of parameters            Asymptotic Standard Error
=======================            ==========================

c               = 0.000539223      +/- 1.855e-06    (0.3441%)
d               = -0.213676        +/- 0.03844      (17.99%)
e               = 107.206          +/- 165.9        (154.7%)


correlation matrix of the fit parameters:

               c      d      e      
c               1.000 
d              -0.965  1.000 
e               0.708 -0.841  1.000 


*******************************************************************************
Tue Mar 24 12:26:55 2015


FIT:    data read from "is.out" using 1:4
        format = x:z
        x range restricted to [0.00000 : 20000.0]
        #datapoints = 21
        residuals are weighted equally (unit weight)

function used for fitting: a(x)
fitted parameters initialized with current variable values



 Iteration 0
 WSSR        : 7.22372e+17       delta(WSSR)/WSSR   : 0
 delta(WSSR) : 0                 limit for stopping : 1e-05
 lambda	  : 1.07102e+08

initial set of free parameter values

f               = 1
g               = 1
h               = 1

After 11 iterations the fit converged.
final sum of squares of residuals : 586856
rel. change during last iteration : -7.22284e-08

degrees of freedom    (FIT_NDF)                        : 18
rms of residuals      (FIT_STDFIT) = sqrt(WSSR/ndf)    : 180.563
variance of residuals (reduced chisquare) = WSSR/ndf   : 32603.1

Final set of parameters            Asymptotic Standard Error
=======================            ==========================

f               = 0.000269331      +/- 1.206e-06    (0.4476%)
g               = -0.0868571       +/- 0.02497      (28.75%)
h               = 107.636          +/- 107.8        (100.1%)


correlation matrix of the fit parameters:

               f      g      h      
f               1.000 
g              -0.965  1.000 
h               0.708 -0.841  1.000 


*******************************************************************************
Tue Mar 24 12:32:43 2015


FIT:    data read from "is.out" using 1:2
        format = x:z
        x range restricted to [0.00000 : 20000.0]
        #datapoints = 21
        residuals are weighted equally (unit weight)

function used for fitting: b(x)
fitted parameters initialized with current variable values



 Iteration 0
 WSSR        : 2.84756e+09       delta(WSSR)/WSSR   : 0
 delta(WSSR) : 0                 limit for stopping : 1e-05
 lambda	  : 8266.4

initial set of free parameter values

a               = 1
b               = 1

After 7 iterations the fit converged.
final sum of squares of residuals : 2557.33
rel. change during last iteration : -3.06861e-09

degrees of freedom    (FIT_NDF)                        : 19
rms of residuals      (FIT_STDFIT) = sqrt(WSSR/ndf)    : 11.6016
variance of residuals (reduced chisquare) = WSSR/ndf   : 134.596

Final set of parameters            Asymptotic Standard Error
=======================            ==========================

a               = 0.00320442       +/- 0.0004181    (13.05%)
b               = 10.7577          +/- 4.888        (45.43%)


correlation matrix of the fit parameters:

               a      b      
a               1.000 
b              -0.855  1.000 


*******************************************************************************
Tue Mar 24 12:32:43 2015


FIT:    data read from "is.out" using 1:3
        format = x:z
        x range restricted to [0.00000 : 20000.0]
        #datapoints = 21
        residuals are weighted equally (unit weight)

function used for fitting: w(x)
fitted parameters initialized with current variable values



 Iteration 0
 WSSR        : 7.21993e+17       delta(WSSR)/WSSR   : 0
 delta(WSSR) : 0                 limit for stopping : 1e-05
 lambda	  : 1.07102e+08

initial set of free parameter values

c               = 1
d               = 1
e               = 1

After 11 iterations the fit converged.
final sum of squares of residuals : 1.39017e+06
rel. change during last iteration : -3.02457e-08

degrees of freedom    (FIT_NDF)                        : 18
rms of residuals      (FIT_STDFIT) = sqrt(WSSR/ndf)    : 277.906
variance of residuals (reduced chisquare) = WSSR/ndf   : 77231.6

Final set of parameters            Asymptotic Standard Error
=======================            ==========================

c               = 0.000539223      +/- 1.855e-06    (0.3441%)
d               = -0.213676        +/- 0.03844      (17.99%)
e               = 107.206          +/- 165.9        (154.7%)


correlation matrix of the fit parameters:

               c      d      e      
c               1.000 
d              -0.965  1.000 
e               0.708 -0.841  1.000 


*******************************************************************************
Tue Mar 24 12:32:43 2015


FIT:    data read from "is.out" using 1:4
        format = x:z
        x range restricted to [0.00000 : 20000.0]
        #datapoints = 21
        residuals are weighted equally (unit weight)

function used for fitting: a(x)
fitted parameters initialized with current variable values



 Iteration 0
 WSSR        : 7.22372e+17       delta(WSSR)/WSSR   : 0
 delta(WSSR) : 0                 limit for stopping : 1e-05
 lambda	  : 1.07102e+08

initial set of free parameter values

f               = 1
g               = 1
h               = 1

After 11 iterations the fit converged.
final sum of squares of residuals : 586856
rel. change during last iteration : -7.22284e-08

degrees of freedom    (FIT_NDF)                        : 18
rms of residuals      (FIT_STDFIT) = sqrt(WSSR/ndf)    : 180.563
variance of residuals (reduced chisquare) = WSSR/ndf   : 32603.1

Final set of parameters            Asymptotic Standard Error
=======================            ==========================

f               = 0.000269331      +/- 1.206e-06    (0.4476%)
g               = -0.0868571       +/- 0.02497      (28.75%)
h               = 107.636          +/- 107.8        (100.1%)


correlation matrix of the fit parameters:

               f      g      h      
f               1.000 
g              -0.965  1.000 
h               0.708 -0.841  1.000 


*******************************************************************************
Tue Mar 24 12:33:11 2015


FIT:    data read from "is.out" using 1:2
        format = x:z
        x range restricted to [0.00000 : 20000.0]
        #datapoints = 21
        residuals are weighted equally (unit weight)

function used for fitting: b(x)
fitted parameters initialized with current variable values



 Iteration 0
 WSSR        : 2.84756e+09       delta(WSSR)/WSSR   : 0
 delta(WSSR) : 0                 limit for stopping : 1e-05
 lambda	  : 8266.4

initial set of free parameter values

a               = 1
b               = 1

After 7 iterations the fit converged.
final sum of squares of residuals : 2557.33
rel. change during last iteration : -3.06861e-09

degrees of freedom    (FIT_NDF)                        : 19
rms of residuals      (FIT_STDFIT) = sqrt(WSSR/ndf)    : 11.6016
variance of residuals (reduced chisquare) = WSSR/ndf   : 134.596

Final set of parameters            Asymptotic Standard Error
=======================            ==========================

a               = 0.00320442       +/- 0.0004181    (13.05%)
b               = 10.7577          +/- 4.888        (45.43%)


correlation matrix of the fit parameters:

               a      b      
a               1.000 
b              -0.855  1.000 


*******************************************************************************
Tue Mar 24 12:33:11 2015


FIT:    data read from "is.out" using 1:3
        format = x:z
        x range restricted to [0.00000 : 20000.0]
        #datapoints = 21
        residuals are weighted equally (unit weight)

function used for fitting: w(x)
fitted parameters initialized with current variable values



 Iteration 0
 WSSR        : 7.21993e+17       delta(WSSR)/WSSR   : 0
 delta(WSSR) : 0                 limit for stopping : 1e-05
 lambda	  : 1.07102e+08

initial set of free parameter values

c               = 1
d               = 1
e               = 1

After 11 iterations the fit converged.
final sum of squares of residuals : 1.39017e+06
rel. change during last iteration : -3.02457e-08

degrees of freedom    (FIT_NDF)                        : 18
rms of residuals      (FIT_STDFIT) = sqrt(WSSR/ndf)    : 277.906
variance of residuals (reduced chisquare) = WSSR/ndf   : 77231.6

Final set of parameters            Asymptotic Standard Error
=======================            ==========================

c               = 0.000539223      +/- 1.855e-06    (0.3441%)
d               = -0.213676        +/- 0.03844      (17.99%)
e               = 107.206          +/- 165.9        (154.7%)


correlation matrix of the fit parameters:

               c      d      e      
c               1.000 
d              -0.965  1.000 
e               0.708 -0.841  1.000 


*******************************************************************************
Tue Mar 24 12:33:11 2015


FIT:    data read from "is.out" using 1:4
        format = x:z
        x range restricted to [0.00000 : 20000.0]
        #datapoints = 21
        residuals are weighted equally (unit weight)

function used for fitting: a(x)
fitted parameters initialized with current variable values



 Iteration 0
 WSSR        : 7.22372e+17       delta(WSSR)/WSSR   : 0
 delta(WSSR) : 0                 limit for stopping : 1e-05
 lambda	  : 1.07102e+08

initial set of free parameter values

f               = 1
g               = 1
h               = 1

After 11 iterations the fit converged.
final sum of squares of residuals : 586856
rel. change during last iteration : -7.22284e-08

degrees of freedom    (FIT_NDF)                        : 18
rms of residuals      (FIT_STDFIT) = sqrt(WSSR/ndf)    : 180.563
variance of residuals (reduced chisquare) = WSSR/ndf   : 32603.1

Final set of parameters            Asymptotic Standard Error
=======================            ==========================

f               = 0.000269331      +/- 1.206e-06    (0.4476%)
g               = -0.0868571       +/- 0.02497      (28.75%)
h               = 107.636          +/- 107.8        (100.1%)


correlation matrix of the fit parameters:

               f      g      h      
f               1.000 
g              -0.965  1.000 
h               0.708 -0.841  1.000 


*******************************************************************************
Tue Mar 24 12:33:35 2015


FIT:    data read from "is.out" using 1:2
        format = x:z
        x range restricted to [0.00000 : 20000.0]
        #datapoints = 21
        residuals are weighted equally (unit weight)

function used for fitting: b(x)
fitted parameters initialized with current variable values



 Iteration 0
 WSSR        : 2.84756e+09       delta(WSSR)/WSSR   : 0
 delta(WSSR) : 0                 limit for stopping : 1e-05
 lambda	  : 8266.4

initial set of free parameter values

a               = 1
b               = 1

After 7 iterations the fit converged.
final sum of squares of residuals : 2557.33
rel. change during last iteration : -3.06861e-09

degrees of freedom    (FIT_NDF)                        : 19
rms of residuals      (FIT_STDFIT) = sqrt(WSSR/ndf)    : 11.6016
variance of residuals (reduced chisquare) = WSSR/ndf   : 134.596

Final set of parameters            Asymptotic Standard Error
=======================            ==========================

a               = 0.00320442       +/- 0.0004181    (13.05%)
b               = 10.7577          +/- 4.888        (45.43%)


correlation matrix of the fit parameters:

               a      b      
a               1.000 
b              -0.855  1.000 


*******************************************************************************
Tue Mar 24 12:33:35 2015


FIT:    data read from "is.out" using 1:3
        format = x:z
        x range restricted to [0.00000 : 20000.0]
        #datapoints = 21
        residuals are weighted equally (unit weight)

function used for fitting: w(x)
fitted parameters initialized with current variable values



 Iteration 0
 WSSR        : 7.21993e+17       delta(WSSR)/WSSR   : 0
 delta(WSSR) : 0                 limit for stopping : 1e-05
 lambda	  : 1.07102e+08

initial set of free parameter values

c               = 1
d               = 1
e               = 1

After 11 iterations the fit converged.
final sum of squares of residuals : 1.39017e+06
rel. change during last iteration : -3.02457e-08

degrees of freedom    (FIT_NDF)                        : 18
rms of residuals      (FIT_STDFIT) = sqrt(WSSR/ndf)    : 277.906
variance of residuals (reduced chisquare) = WSSR/ndf   : 77231.6

Final set of parameters            Asymptotic Standard Error
=======================            ==========================

c               = 0.000539223      +/- 1.855e-06    (0.3441%)
d               = -0.213676        +/- 0.03844      (17.99%)
e               = 107.206          +/- 165.9        (154.7%)


correlation matrix of the fit parameters:

               c      d      e      
c               1.000 
d              -0.965  1.000 
e               0.708 -0.841  1.000 


*******************************************************************************
Tue Mar 24 12:33:35 2015


FIT:    data read from "is.out" using 1:4
        format = x:z
        x range restricted to [0.00000 : 20000.0]
        #datapoints = 21
        residuals are weighted equally (unit weight)

function used for fitting: a(x)
fitted parameters initialized with current variable values



 Iteration 0
 WSSR        : 7.22372e+17       delta(WSSR)/WSSR   : 0
 delta(WSSR) : 0                 limit for stopping : 1e-05
 lambda	  : 1.07102e+08

initial set of free parameter values

f               = 1
g               = 1
h               = 1

After 11 iterations the fit converged.
final sum of squares of residuals : 586856
rel. change during last iteration : -7.22284e-08

degrees of freedom    (FIT_NDF)                        : 18
rms of residuals      (FIT_STDFIT) = sqrt(WSSR/ndf)    : 180.563
variance of residuals (reduced chisquare) = WSSR/ndf   : 32603.1

Final set of parameters            Asymptotic Standard Error
=======================            ==========================

f               = 0.000269331      +/- 1.206e-06    (0.4476%)
g               = -0.0868571       +/- 0.02497      (28.75%)
h               = 107.636          +/- 107.8        (100.1%)


correlation matrix of the fit parameters:

               f      g      h      
f               1.000 
g              -0.965  1.000 
h               0.708 -0.841  1.000 
