Measuring insertion sort...
# Size             Best          Worst        Average   (ms) 
#------------------------------------------------------------
       0           0.19           0.21           0.21
    1000          59.44         439.21         265.09
    2000          17.28        1790.79         911.13
    3000          13.45        4058.19        2054.12
    4000          17.47        7366.63        3678.82
    5000          41.74       11446.63        5778.53
    6000          26.54       17172.30        8330.67
    7000          30.13       22781.54       11395.82
    8000          32.24       29713.44       14865.74
    9000          36.51       37524.68       18984.86
   10000          39.50       46431.62       24025.07
   11000          44.89       56809.28       28876.59
   12000          48.70       67639.55       33901.18
   13000          52.67       79967.99       39676.31
   14000          55.89       91835.63       46670.21
   15000          59.02      105897.80       53737.30
   16000          73.16      121430.93       60671.45
   17000          67.40      137319.41       68761.04
   18000          71.70      154231.16       76975.99
   19000          75.28      172237.28       88097.59
   20000          78.49      193422.17       96723.02
   21000          84.13      210344.25      104521.50
   22000          88.74      229241.23      114424.22
   23000          91.28      251241.50      126145.54
   24000          93.75      273024.43      148980.79
   25000          98.00      297004.48      149207.11
   26000         104.77      318986.29      159302.26
   27000         107.15      345382.73      173059.44
   28000         111.03      371597.44      187444.81
