Measuring merge sort...
# Size             Best          Worst        Average   (ms) 
#------------------------------------------------------------
       0           0.33           0.35           0.36
    1000        2399.26         389.70         480.51
    2000         776.25         820.47        1135.31
    3000         259.00         333.17         673.34
    4000         392.17         413.03         984.46
    5000         536.55         526.58        1133.06
    6000         591.90         760.08        1440.78
    7000         631.13         716.20        1651.29
    8000         795.61         802.52        1889.61
    9000         811.61        1115.40        2124.06
   10000         910.25        1023.57        2354.21
   11000         998.35        1603.62        3360.29
   12000        1403.46        1286.37        3120.75
   13000        1405.34        1542.06        3160.74
   14000        1314.65        1482.99        3649.72
   15000        1617.69        1699.89        3857.42
   16000        1810.32        1828.88        4040.34
   17000        1642.26        1907.90        4277.98
   18000        1767.41        2749.91        4570.29
   19000        1879.87        2155.48        4801.87
   20000        1967.67        2297.68        5194.20
   21000        2233.94        2481.99        5526.76
   22000        2357.37        2443.25        5704.45
   23000        2281.23        2519.68        5904.22
   24000        2395.92        2626.23        6291.59
   25000        2472.74        2911.04        6489.26
   26000        2581.94        2856.10        6733.38
   27000        2824.56        2993.43        7027.05
   28000        2832.98        3055.95        7252.23
   29000        2857.64        3177.16        7495.27
   30000        2937.39        3398.42        7817.38
   31000        3668.99        3457.85        8156.08
   32000        3217.24        3674.24        9150.76
   33000        3674.98        4042.01        9879.80
   34000        3605.07        4253.39       10213.95
   35000        3861.00        6270.77       10679.53
   36000        5865.38        4409.01        9587.05
   37000        3644.28        4167.28        9856.84
   38000        3868.33        4643.69       10193.33
   39000        3857.78        4397.88       10321.69
   40000        3940.39        4412.00       10611.57
   41000        4097.16        4543.18       13238.66
   42000        4124.42        5740.37       11424.87
   43000        4418.75        4877.22       12170.09
   44000        4458.16        5012.76       11985.86
   45000        4529.76        5048.92       12022.07
   46000        4695.56        5149.33       12244.54
   47000        4729.14        5290.36       12605.26
   48000        4878.75        5407.94       12939.61
   49000        4926.23        5616.48       13117.15
   50000        4969.70        5707.60       13924.54
   51000        5278.81        6313.69       16802.16
   52000        7571.73        6060.78       14565.18
   53000        5425.53        9241.48       18301.88
   54000        5706.46        6774.82       15227.99
   55000        5657.48        6473.63       15826.90
   56000        5712.52        6514.15       15542.16
   57000        5808.72        6594.73       15806.25
   58000        6672.43        7069.05       16356.32
   59000        6109.36        7855.37       16434.96
   60000        6260.54        7204.67       16661.62
   61000        6356.43        7207.25       16916.68
   62000        6455.20        7341.34       17254.94
   63000        6589.52        7497.10       17601.60
   64000        7028.01        7628.36       18050.33
   65000        6887.96        7793.14       18282.62
   66000        6968.66        7982.53       18704.59
   67000        7142.34        8095.96       18905.28
   68000        7198.52        8197.44       19173.41
   69000        7312.72        8249.98       19850.42
   70000        7518.66        8343.44       19761.24
   71000        7531.01        8536.72       20124.42
   72000        8177.86        8583.91       21939.10
   73000        9901.00        8870.56       20714.42
   74000        7845.51        9022.50       21505.04
   75000        7985.66        9167.73       21469.18
   76000        8036.14        9158.39       22198.69
   77000        8356.01        9179.65       21926.35
   78000        8271.19        9282.72       22086.22
   79000        8462.42       10109.09       22443.80
   80000        8499.02        9594.38       22756.19
   81000        8700.17        9675.17       22976.53
   82000        8952.78        9805.38       23330.26
   83000        8823.20        9893.14       23739.65
   84000        9080.24       10112.08       24060.97
   85000       10630.90       10302.55       24341.01
   86000        9317.80       10319.19       24547.59
   87000        9347.90       10445.16       25246.39
   88000       10038.90       10587.51       25449.78
   89000        9659.32       10644.54       25578.95
   90000        9825.71       10815.30       25957.43
   91000        9826.51       10941.24       26214.81
   92000       10143.60       11084.41       26586.92
   93000        9926.72       11110.28       26818.42
   94000       10187.00       11336.72       26990.25
   95000       10155.21       11453.94       27368.01
   96000       10461.43       11660.70       27639.28
   97000       10609.06       11667.39       28058.10
   98000       10556.26       11764.29       28086.98
   99000       10652.92       11909.33       28742.22
  100000       10968.52       11970.85       29100.39
  101000       11029.53       12393.81       29436.02
  102000       12124.44       12542.01       29869.85
  103000       11220.53       12382.96       30060.62
  104000       11279.64       12658.19       30505.13
  105000       11675.29       12652.21       30624.26
  106000       11608.22       12839.60       31035.67
  107000       11563.02       12871.51       31102.74
  108000       11692.68       13272.70       31625.05
  109000       11758.01       13134.33       32291.57
  110000       12190.69       13296.91       32589.99
  111000       12158.45       13424.45       32617.35
  112000       12134.02       13651.31       33035.32
  113000       12229.88       13680.31       32779.26
  114000       12398.25       13876.38       33018.92
  115000       12203.77       13727.10       33122.71
  116000       12685.11       15564.06       33737.98
  117000       12601.38       14257.17       34316.43
  118000       13117.40       14353.60       34289.95
  119000       12765.83       14233.12       35823.73
  120000       13002.17       14686.94       35355.40
  121000       20662.25       14674.87       35618.30
  122000       13488.56       14852.29       36365.62
  123000       13200.95       14980.44       36733.74
  124000       13379.77       15190.39       36650.70
  125000       13520.15       15376.09       37490.66
  126000       13872.32       15469.43       37643.88
  127000       13681.56       15402.75       37453.98
  128000       13853.91       15597.14       37817.59
  129000       14134.82       15840.84       38059.24
  130000       14207.47       15950.02       38341.53
  131000       14251.12       16104.51       39183.58
  132000       14326.71       16448.69       39258.82
  133000       16084.83       23520.78       39141.72
  134000       14364.79       17315.73       39519.91
  135000       14676.09       16539.54       40003.24
  136000       14681.28       16966.62       40169.31
  137000       15579.66       16956.27       40956.89
  138000       15032.20       16958.22       41323.79
  139000       15124.65       17061.62       42093.09
  140000       15694.92       17096.68       41638.52
  141000       15305.61       17363.08       42104.19
  142000       15571.99       17476.93       42709.87
  143000       15427.90       17579.70       42783.75
  144000       15568.87       17666.21       42730.11
  145000       16564.34       17858.36       42964.79
  146000       16039.39       17840.69       43454.66
  147000       16022.82       18012.38       44158.04
  148000       16172.94       18024.01       44038.46
  149000       16062.43       18215.27       44003.68
  150000       16107.66       18673.85       44250.59
  151000       16525.95       18582.07       45130.61
  152000       16672.79       19152.45       45329.03
  153000       16565.49       19422.26       45615.08
  154000       17613.88       19006.05       48039.47
  155000       16996.24       19408.55       46825.81
  156000       16845.49       19000.37       47418.54
  157000       17224.54       18944.93       50157.99
  158000       16980.56       19651.24       47406.57
  159000       17127.11       22812.64       47819.63
  160000       17095.83       19664.32       47374.03
  161000       17358.23       19551.18       48171.39
  162000       17508.80       19916.37       49388.04
  163000       17572.29       20796.67       48722.11
  164000       17779.83       20101.57       48979.62
  165000       17722.11       20214.76       49523.82
  166000       17885.51       20327.64       49913.08
  167000       18008.97       20382.41       49631.24
  168000       17943.24       20327.71       50302.47
  169000       18957.91       20681.15       52023.87
  170000       18322.87       20806.98       51777.28
  171000       18607.92       21024.27       51412.33
  172000       18644.42       20939.92       51392.91
  173000       18882.53       21354.15       52331.33
  174000       19015.28       21259.77       52754.22
  175000       18924.10       22007.84       53258.81
  176000       18779.89       21528.05       52499.25
  177000       19026.44       21528.96       53021.48
  178000       19984.13       22045.47       53172.13
  179000       19371.78       22217.37       56459.86
  180000       19485.36       22269.24       54347.69
  181000       19877.01       22293.85       54545.44
  182000       19919.11       22474.63       54769.58
  183000       20386.03       22711.63       55806.17
  184000       20353.30       22930.70       56127.85
  185000       20072.06       22628.88       55883.85
  186000       19927.88       22943.06       56661.56
  187000       20219.99       23059.39       56536.45
  188000       20395.36       23267.97       56631.83
  189000       20298.51       23192.31       57656.18
  190000       20792.52       23895.76       57166.28
  191000       20692.83       24390.25       58222.72
  192000       21116.45       24249.37       58173.34
  193000       22249.59       23989.65       58154.34
  194000       21183.29       24245.71       58166.61
  195000       21386.51       23876.77       58230.13
  196000       21575.29       23983.85       58552.08
  197000       21337.35       24295.19       58948.46
  198000       21608.46       24509.25       81348.07
  199000       37403.12       31751.31       61901.52
  200000       21653.09       25376.68       60638.02
