# Size        Average   (us) 
#----------------------------
    1000         763.07
    1500        1120.49
    2000        1803.82
    2500        2477.80
    3000        4124.13
    3500        5059.36
    4000        6809.91
    4500        8000.61
    5000        8939.54
    5500       11164.72
    6000       12688.96
    6500       13692.90
    7000       17944.06
    7500       21085.04
    8000       23375.71
    8500       27611.12
    9000       30444.26
    9500       31307.45
   10000       39557.59